2018-06-18 23:48:38 3740 [Note] InnoDB: innodb_empty_free_list_algorithm has been changed to legacy because of small buffer pool size. In order to use backoff, increase buffer pool at least up to 20MB.

2018-06-18 23:48:38 3740 [Note] InnoDB: Using mutexes to ref count buffer pool pages
2018-06-18 23:48:38 3740 [Note] InnoDB: The InnoDB memory heap is disabled
2018-06-18 23:48:38 3740 [Note] InnoDB: Mutexes and rw_locks use Windows interlocked functions
2018-06-18 23:48:38 3740 [Note] InnoDB: _mm_lfence() and _mm_sfence() are used for memory barrier
2018-06-18 23:48:38 3740 [Note] InnoDB: Compressed tables use zlib 1.2.3
2018-06-18 23:48:38 3740 [Note] InnoDB: Using generic crc32 instructions
2018-06-18 23:48:38 3740 [Note] InnoDB: Initializing buffer pool, size = 128.0M
2018-06-18 23:48:38 3740 [Note] InnoDB: Completed initialization of buffer pool
2018-06-18 23:48:38 3740 [Note] InnoDB: Highest supported file format is Barracuda.
2018-06-18 23:48:38 3740 [Note] InnoDB: The log sequence number 1835037 in ibdata file do not match the log sequence number 12017778 in the ib_logfiles!
2018-06-18 23:48:38 3740 [Note] InnoDB: Restoring possible half-written data pages from the doublewrite buffer...
2018-06-18 23:48:39 3740 [Warning] InnoDB: Resizing redo log from 2*320 to 2*3072 pages, LSN=12017778
2018-06-18 23:48:39 3740 [Warning] InnoDB: Starting to delete and rewrite log files.
2018-06-18 23:48:40 3740 [Note] InnoDB: Setting log file .\ib_logfile101 size to 48 MB
2018-06-18 23:48:40 3740 [Note] InnoDB: Setting log file .\ib_logfile1 size to 48 MB
2018-06-18 23:48:40 3740 [Note] InnoDB: Renaming log file .\ib_logfile101 to .\ib_logfile0
2018-06-18 23:48:40 3740 [Warning] InnoDB: New log files created, LSN=12018188
2018-06-18 23:48:40 3740 [Note] InnoDB: 128 rollback segment(s) are active.
2018-06-18 23:48:40 3740 [Note] InnoDB: Waiting for purge to start
2018-06-18 23:48:40 3740 [Note] InnoDB:  Percona XtraDB (http://www.percona.com) 5.6.36-83.0 started; log sequence number 12017778
2018-06-18 23:48:40 6472 [Note] InnoDB: Dumping buffer pool(s) not yet started
2018-06-18 23:48:40 3740 [Note] Plugin 'FEEDBACK' is disabled.
2018-06-18 23:48:40 3740 [Note] Server socket created on IP: '::'.
2018-06-18 23:48:40 3740 [ERROR] Can't start server: Bind on TCP/IP port. Got error: 10048: Only one usage of each socket address (protocol/network address/port) is normally permitted.

2018-06-18 23:48:40 3740 [ERROR] Do you already have another mysqld server running on port: 3306 ?
2018-06-18 23:48:40 3740 [ERROR] Aborting

2018-06-19  0:00:26 7936 [Note] InnoDB: innodb_empty_free_list_algorithm has been changed to legacy because of small buffer pool size. In order to use backoff, increase buffer pool at least up to 20MB.

2018-06-19  0:00:26 7936 [Note] InnoDB: Using mutexes to ref count buffer pool pages
2018-06-19  0:00:26 7936 [Note] InnoDB: The InnoDB memory heap is disabled
2018-06-19  0:00:26 7936 [Note] InnoDB: Mutexes and rw_locks use Windows interlocked functions
2018-06-19  0:00:26 7936 [Note] InnoDB: _mm_lfence() and _mm_sfence() are used for memory barrier
2018-06-19  0:00:26 7936 [Note] InnoDB: Compressed tables use zlib 1.2.3
2018-06-19  0:00:26 7936 [Note] InnoDB: Using generic crc32 instructions
2018-06-19  0:00:26 7936 [Note] InnoDB: Initializing buffer pool, size = 128.0M
2018-06-19  0:00:26 7936 [Note] InnoDB: Completed initialization of buffer pool
2018-06-19  0:00:26 7936 [Note] InnoDB: Highest supported file format is Barracuda.
2018-06-19  0:00:29 7936 [Warning] InnoDB: Resizing redo log from 2*320 to 2*3072 pages, LSN=12018710
2018-06-19  0:00:29 7936 [Warning] InnoDB: Starting to delete and rewrite log files.
2018-06-19  0:00:29 7936 [Note] InnoDB: Setting log file .\ib_logfile101 size to 48 MB
2018-06-19  0:00:29 7936 [Note] InnoDB: Setting log file .\ib_logfile1 size to 48 MB
2018-06-19  0:00:29 7936 [Note] InnoDB: Renaming log file .\ib_logfile101 to .\ib_logfile0
2018-06-19  0:00:29 7936 [Warning] InnoDB: New log files created, LSN=12019212
2018-06-19  0:00:29 7936 [Note] InnoDB: 128 rollback segment(s) are active.
2018-06-19  0:00:29 7936 [Note] InnoDB: Waiting for purge to start
2018-06-19  0:00:29 7936 [Note] InnoDB:  Percona XtraDB (http://www.percona.com) 5.6.36-83.0 started; log sequence number 12018710
2018-06-19  0:00:29 6332 [Note] InnoDB: Dumping buffer pool(s) not yet started
2018-06-19  0:00:29 7936 [Note] Plugin 'FEEDBACK' is disabled.
2018-06-19  0:00:29 7936 [Note] Server socket created on IP: '::'.
2018-06-19  0:00:30 7936 [Note] C:\Users\percival\Desktop\ICMCommercialSystem\src\mysql\bin\mysqld.exe: ready for connections.
Version: '10.1.31-MariaDB'  socket: ''  port: 3306  mariadb.org binary distribution
2018-06-19  0:00:30 2892 [Note] InnoDB: innodb_empty_free_list_algorithm has been changed to legacy because of small buffer pool size. In order to use backoff, increase buffer pool at least up to 20MB.

2018-06-19  0:00:30 2892 [Note] InnoDB: Using mutexes to ref count buffer pool pages
2018-06-19  0:00:30 2892 [Note] InnoDB: The InnoDB memory heap is disabled
2018-06-19  0:00:30 2892 [Note] InnoDB: Mutexes and rw_locks use Windows interlocked functions
2018-06-19  0:00:30 2892 [Note] InnoDB: _mm_lfence() and _mm_sfence() are used for memory barrier
2018-06-19  0:00:30 2892 [Note] InnoDB: Compressed tables use zlib 1.2.3
2018-06-19  0:00:30 2892 [Note] InnoDB: Using generic crc32 instructions
2018-06-19  0:00:30 2892 [Note] InnoDB: Initializing buffer pool, size = 128.0M
2018-06-19  0:00:30 2892 [Note] InnoDB: Completed initialization of buffer pool
2018-06-19  0:00:30 2892 [ERROR] InnoDB: .\ibdata1 can't be opened in read-write mode
2018-06-19  0:00:30 2892 [ERROR] InnoDB: The system tablespace must be writable!
2018-06-19  0:00:30 2892 [ERROR] Plugin 'InnoDB' init function returned error.
2018-06-19  0:00:30 2892 [ERROR] Plugin 'InnoDB' registration as a STORAGE ENGINE failed.
2018-06-19  0:00:30 2892 [Note] Plugin 'FEEDBACK' is disabled.
2018-06-19  0:00:30 2892 [ERROR] Unknown/unsupported storage engine: InnoDB
2018-06-19  0:00:30 2892 [ERROR] Aborting

2018-06-19  0:35:36 7012 [Note] InnoDB: innodb_empty_free_list_algorithm has been changed to legacy because of small buffer pool size. In order to use backoff, increase buffer pool at least up to 20MB.

2018-06-19  0:35:36 7012 [Note] InnoDB: Using mutexes to ref count buffer pool pages
2018-06-19  0:35:36 7012 [Note] InnoDB: The InnoDB memory heap is disabled
2018-06-19  0:35:36 7012 [Note] InnoDB: Mutexes and rw_locks use Windows interlocked functions
2018-06-19  0:35:36 7012 [Note] InnoDB: _mm_lfence() and _mm_sfence() are used for memory barrier
2018-06-19  0:35:36 7012 [Note] InnoDB: Compressed tables use zlib 1.2.3
2018-06-19  0:35:36 7012 [Note] InnoDB: Using generic crc32 instructions
2018-06-19  0:35:36 7012 [Note] InnoDB: Initializing buffer pool, size = 128.0M
2018-06-19  0:35:36 7012 [Note] InnoDB: Completed initialization of buffer pool
2018-06-19  0:35:36 7012 [Note] InnoDB: Highest supported file format is Barracuda.
2018-06-19  0:35:36 7012 [Note] InnoDB: The log sequence number 12018710 in ibdata file do not match the log sequence number 12019222 in the ib_logfiles!
2018-06-19  0:35:36 7012 [Note] InnoDB: Restoring possible half-written data pages from the doublewrite buffer...
2018-06-19  0:35:39 7012 [Note] InnoDB: 128 rollback segment(s) are active.
2018-06-19  0:35:39 7012 [Note] InnoDB: Waiting for purge to start
2018-06-19  0:35:39 7012 [Note] InnoDB:  Percona XtraDB (http://www.percona.com) 5.6.36-83.0 started; log sequence number 12019222
2018-06-19  0:35:39 1316 [Note] InnoDB: Dumping buffer pool(s) not yet started
2018-06-19  0:35:39 7012 [Note] Plugin 'FEEDBACK' is disabled.
2018-06-19  0:35:39 7012 [Note] Server socket created on IP: '::'.
2018-06-19  0:35:39 7012 [Note] C:\Users\percival\Desktop\ICMCommercialSystem\mysql\bin\mysqld.exe: ready for connections.
Version: '10.1.31-MariaDB'  socket: ''  port: 3306  mariadb.org binary distribution
2018-06-19  0:35:58 7404 [Note] InnoDB: innodb_empty_free_list_algorithm has been changed to legacy because of small buffer pool size. In order to use backoff, increase buffer pool at least up to 20MB.

2018-06-19  0:35:58 7404 [Note] InnoDB: Using mutexes to ref count buffer pool pages
2018-06-19  0:35:58 7404 [Note] InnoDB: The InnoDB memory heap is disabled
2018-06-19  0:35:58 7404 [Note] InnoDB: Mutexes and rw_locks use Windows interlocked functions
2018-06-19  0:35:58 7404 [Note] InnoDB: _mm_lfence() and _mm_sfence() are used for memory barrier
2018-06-19  0:35:58 7404 [Note] InnoDB: Compressed tables use zlib 1.2.3
2018-06-19  0:35:58 7404 [Note] InnoDB: Using generic crc32 instructions
2018-06-19  0:35:58 7404 [Note] InnoDB: Initializing buffer pool, size = 128.0M
2018-06-19  0:35:58 7404 [Note] InnoDB: Completed initialization of buffer pool
2018-06-19  0:35:58 7404 [ERROR] InnoDB: .\ibdata1 can't be opened in read-write mode
2018-06-19  0:35:58 7404 [ERROR] InnoDB: The system tablespace must be writable!
2018-06-19  0:35:58 7404 [ERROR] Plugin 'InnoDB' init function returned error.
2018-06-19  0:35:58 7404 [ERROR] Plugin 'InnoDB' registration as a STORAGE ENGINE failed.
2018-06-19  0:35:58 7404 [Note] Plugin 'FEEDBACK' is disabled.
2018-06-19  0:35:58 7404 [ERROR] Unknown/unsupported storage engine: InnoDB
2018-06-19  0:35:58 7404 [ERROR] Aborting

2018-06-19  0:37:17 7876 [Note] InnoDB: innodb_empty_free_list_algorithm has been changed to legacy because of small buffer pool size. In order to use backoff, increase buffer pool at least up to 20MB.

2018-06-19  0:37:17 7876 [Note] InnoDB: Using mutexes to ref count buffer pool pages
2018-06-19  0:37:17 7876 [Note] InnoDB: The InnoDB memory heap is disabled
2018-06-19  0:37:17 7876 [Note] InnoDB: Mutexes and rw_locks use Windows interlocked functions
2018-06-19  0:37:17 7876 [Note] InnoDB: _mm_lfence() and _mm_sfence() are used for memory barrier
2018-06-19  0:37:17 7876 [Note] InnoDB: Compressed tables use zlib 1.2.3
2018-06-19  0:37:17 7876 [Note] InnoDB: Using generic crc32 instructions
2018-06-19  0:37:17 7876 [Note] InnoDB: Initializing buffer pool, size = 128.0M
2018-06-19  0:37:17 7876 [Note] InnoDB: Completed initialization of buffer pool
2018-06-19  0:37:17 7876 [ERROR] InnoDB: .\ibdata1 can't be opened in read-write mode
2018-06-19  0:37:17 7876 [ERROR] InnoDB: The system tablespace must be writable!
2018-06-19  0:37:17 7876 [ERROR] Plugin 'InnoDB' init function returned error.
2018-06-19  0:37:17 7876 [ERROR] Plugin 'InnoDB' registration as a STORAGE ENGINE failed.
2018-06-19  0:37:17 7876 [Note] Plugin 'FEEDBACK' is disabled.
2018-06-19  0:37:17 7876 [ERROR] Unknown/unsupported storage engine: InnoDB
2018-06-19  0:37:17 7876 [ERROR] Aborting

2018-06-19  1:51:52 8404 [Note] InnoDB: innodb_empty_free_list_algorithm has been changed to legacy because of small buffer pool size. In order to use backoff, increase buffer pool at least up to 20MB.

2018-06-19  1:51:52 8404 [Note] InnoDB: Using mutexes to ref count buffer pool pages
2018-06-19  1:51:52 8404 [Note] InnoDB: The InnoDB memory heap is disabled
2018-06-19  1:51:52 8404 [Note] InnoDB: Mutexes and rw_locks use Windows interlocked functions
2018-06-19  1:51:52 8404 [Note] InnoDB: _mm_lfence() and _mm_sfence() are used for memory barrier
2018-06-19  1:51:52 8404 [Note] InnoDB: Compressed tables use zlib 1.2.3
2018-06-19  1:51:52 8404 [Note] InnoDB: Using generic crc32 instructions
2018-06-19  1:51:52 8404 [Note] InnoDB: Initializing buffer pool, size = 128.0M
2018-06-19  1:51:52 8404 [Note] InnoDB: Completed initialization of buffer pool
2018-06-19  1:51:52 8404 [Note] InnoDB: Highest supported file format is Barracuda.
2018-06-19  1:51:52 8404 [Note] InnoDB: The log sequence number 12018710 in ibdata file do not match the log sequence number 12019232 in the ib_logfiles!
2018-06-19  1:51:52 8404 [Note] InnoDB: Restoring possible half-written data pages from the doublewrite buffer...
2018-06-19  1:51:55 8404 [Note] InnoDB: 128 rollback segment(s) are active.
2018-06-19  1:51:55 8404 [Note] InnoDB: Waiting for purge to start
2018-06-19  1:51:55 8404 [Note] InnoDB:  Percona XtraDB (http://www.percona.com) 5.6.36-83.0 started; log sequence number 12019232
2018-06-19  1:51:56 8604 [Note] InnoDB: Dumping buffer pool(s) not yet started
2018-06-19  1:51:56 8404 [Note] Plugin 'FEEDBACK' is disabled.
2018-06-19  1:51:56 8404 [Note] Server socket created on IP: '::'.
2018-06-19  1:51:56 8404 [Note] C:\Users\percival\Desktop\ICMCommercialSystem\mysql\bin\mysqld.exe: ready for connections.
Version: '10.1.31-MariaDB'  socket: ''  port: 3306  mariadb.org binary distribution
2018-06-19  1:52:49 6452 [Note] InnoDB: innodb_empty_free_list_algorithm has been changed to legacy because of small buffer pool size. In order to use backoff, increase buffer pool at least up to 20MB.

2018-06-19  1:52:49 6452 [Note] InnoDB: Using mutexes to ref count buffer pool pages
2018-06-19  1:52:49 6452 [Note] InnoDB: The InnoDB memory heap is disabled
2018-06-19  1:52:49 6452 [Note] InnoDB: Mutexes and rw_locks use Windows interlocked functions
2018-06-19  1:52:49 6452 [Note] InnoDB: _mm_lfence() and _mm_sfence() are used for memory barrier
2018-06-19  1:52:49 6452 [Note] InnoDB: Compressed tables use zlib 1.2.3
2018-06-19  1:52:49 6452 [Note] InnoDB: Using generic crc32 instructions
2018-06-19  1:52:49 6452 [Note] InnoDB: Initializing buffer pool, size = 128.0M
2018-06-19  1:52:49 6452 [Note] InnoDB: Completed initialization of buffer pool
2018-06-19  1:52:49 6452 [Note] InnoDB: Highest supported file format is Barracuda.
2018-06-19  1:52:49 6452 [Note] InnoDB: The log sequence number 12018710 in ibdata file do not match the log sequence number 12019242 in the ib_logfiles!
2018-06-19  1:52:49 6452 [Note] InnoDB: Restoring possible half-written data pages from the doublewrite buffer...
2018-06-19  1:52:50 6452 [Note] InnoDB: 128 rollback segment(s) are active.
2018-06-19  1:52:50 6452 [Note] InnoDB: Waiting for purge to start
2018-06-19  1:52:50 6452 [Note] InnoDB:  Percona XtraDB (http://www.percona.com) 5.6.36-83.0 started; log sequence number 12019242
2018-06-19  1:52:50 7824 [Note] InnoDB: Dumping buffer pool(s) not yet started
2018-06-19  1:52:50 6452 [Note] Plugin 'FEEDBACK' is disabled.
2018-06-19  1:52:50 6452 [Note] Server socket created on IP: '::'.
2018-06-19  1:52:50 6452 [Note] C:\Users\percival\Desktop\ICMCommercialSystem\mysql\bin\mysqld.exe: ready for connections.
Version: '10.1.31-MariaDB'  socket: ''  port: 3306  mariadb.org binary distribution
2018-06-19  1:54:03 5820 [Note] InnoDB: innodb_empty_free_list_algorithm has been changed to legacy because of small buffer pool size. In order to use backoff, increase buffer pool at least up to 20MB.

2018-06-19  1:54:04 5820 [Note] InnoDB: Using mutexes to ref count buffer pool pages
2018-06-19  1:54:04 5820 [Note] InnoDB: The InnoDB memory heap is disabled
2018-06-19  1:54:04 5820 [Note] InnoDB: Mutexes and rw_locks use Windows interlocked functions
2018-06-19  1:54:04 5820 [Note] InnoDB: _mm_lfence() and _mm_sfence() are used for memory barrier
2018-06-19  1:54:04 5820 [Note] InnoDB: Compressed tables use zlib 1.2.3
2018-06-19  1:54:04 5820 [Note] InnoDB: Using generic crc32 instructions
2018-06-19  1:54:04 5820 [Note] InnoDB: Initializing buffer pool, size = 128.0M
2018-06-19  1:54:04 5820 [Note] InnoDB: Completed initialization of buffer pool
2018-06-19  1:54:05 5820 [ERROR] InnoDB: .\ibdata1 can't be opened in read-write mode
2018-06-19  1:54:05 5820 [ERROR] InnoDB: The system tablespace must be writable!
2018-06-19  1:54:05 5820 [ERROR] Plugin 'InnoDB' init function returned error.
2018-06-19  1:54:05 5820 [ERROR] Plugin 'InnoDB' registration as a STORAGE ENGINE failed.
2018-06-19  1:54:05 5820 [Note] Plugin 'FEEDBACK' is disabled.
2018-06-19  1:54:05 5820 [ERROR] Unknown/unsupported storage engine: InnoDB
2018-06-19  1:54:05 5820 [ERROR] Aborting

2018-06-19  1:57:16 7892 [Note] InnoDB: innodb_empty_free_list_algorithm has been changed to legacy because of small buffer pool size. In order to use backoff, increase buffer pool at least up to 20MB.

2018-06-19  1:57:16 7892 [Note] InnoDB: Using mutexes to ref count buffer pool pages
2018-06-19  1:57:16 7892 [Note] InnoDB: The InnoDB memory heap is disabled
2018-06-19  1:57:16 7892 [Note] InnoDB: Mutexes and rw_locks use Windows interlocked functions
2018-06-19  1:57:16 7892 [Note] InnoDB: _mm_lfence() and _mm_sfence() are used for memory barrier
2018-06-19  1:57:16 7892 [Note] InnoDB: Compressed tables use zlib 1.2.3
2018-06-19  1:57:16 7892 [Note] InnoDB: Using generic crc32 instructions
2018-06-19  1:57:16 7892 [Note] InnoDB: Initializing buffer pool, size = 128.0M
2018-06-19  1:57:16 7892 [Note] InnoDB: Completed initialization of buffer pool
2018-06-19  1:57:16 7892 [ERROR] InnoDB: .\ibdata1 can't be opened in read-write mode
2018-06-19  1:57:16 7892 [ERROR] InnoDB: The system tablespace must be writable!
2018-06-19  1:57:16 7892 [ERROR] Plugin 'InnoDB' init function returned error.
2018-06-19  1:57:16 7892 [ERROR] Plugin 'InnoDB' registration as a STORAGE ENGINE failed.
2018-06-19  1:57:16 7892 [Note] Plugin 'FEEDBACK' is disabled.
2018-06-19  1:57:16 7892 [ERROR] Unknown/unsupported storage engine: InnoDB
2018-06-19  1:57:16 7892 [ERROR] Aborting

2018-06-20 21:30:07 5160 [Note] InnoDB: innodb_empty_free_list_algorithm has been changed to legacy because of small buffer pool size. In order to use backoff, increase buffer pool at least up to 20MB.

2018-06-20 21:30:07 5160 [Note] InnoDB: Using mutexes to ref count buffer pool pages
2018-06-20 21:30:07 5160 [Note] InnoDB: The InnoDB memory heap is disabled
2018-06-20 21:30:07 5160 [Note] InnoDB: Mutexes and rw_locks use Windows interlocked functions
2018-06-20 21:30:07 5160 [Note] InnoDB: _mm_lfence() and _mm_sfence() are used for memory barrier
2018-06-20 21:30:07 5160 [Note] InnoDB: Compressed tables use zlib 1.2.3
2018-06-20 21:30:07 5160 [Note] InnoDB: Using generic crc32 instructions
2018-06-20 21:30:07 5160 [Note] InnoDB: Initializing buffer pool, size = 128.0M
2018-06-20 21:30:07 5160 [Note] InnoDB: Completed initialization of buffer pool
2018-06-20 21:30:07 5160 [Note] InnoDB: Highest supported file format is Barracuda.
2018-06-20 21:30:07 5160 [Note] InnoDB: The log sequence number 12018710 in ibdata file do not match the log sequence number 12022120 in the ib_logfiles!
2018-06-20 21:30:07 5160 [Note] InnoDB: Restoring possible half-written data pages from the doublewrite buffer...
2018-06-20 21:30:08 5160 [Note] InnoDB: 128 rollback segment(s) are active.
2018-06-20 21:30:08 5160 [Note] InnoDB: Waiting for purge to start
2018-06-20 21:30:08 5160 [Note] InnoDB:  Percona XtraDB (http://www.percona.com) 5.6.36-83.0 started; log sequence number 12022120
2018-06-20 21:30:08 4692 [Note] InnoDB: Dumping buffer pool(s) not yet started
2018-06-20 21:30:08 5160 [Note] Plugin 'FEEDBACK' is disabled.
2018-06-20 21:30:08 5160 [Note] Server socket created on IP: '::'.
2018-06-20 21:30:08 5160 [Note] C:\Users\percival\Desktop\ICMCommercialSystem\mysql\bin\mysqld.exe: ready for connections.
Version: '10.1.31-MariaDB'  socket: ''  port: 3306  mariadb.org binary distribution
2018-06-20 21:32:19 5180 [Note] InnoDB: innodb_empty_free_list_algorithm has been changed to legacy because of small buffer pool size. In order to use backoff, increase buffer pool at least up to 20MB.

2018-06-20 21:32:19 5180 [Note] InnoDB: Using mutexes to ref count buffer pool pages
2018-06-20 21:32:19 5180 [Note] InnoDB: The InnoDB memory heap is disabled
2018-06-20 21:32:19 5180 [Note] InnoDB: Mutexes and rw_locks use Windows interlocked functions
2018-06-20 21:32:19 5180 [Note] InnoDB: _mm_lfence() and _mm_sfence() are used for memory barrier
2018-06-20 21:32:19 5180 [Note] InnoDB: Compressed tables use zlib 1.2.3
2018-06-20 21:32:19 5180 [Note] InnoDB: Using generic crc32 instructions
2018-06-20 21:32:19 5180 [Note] InnoDB: Initializing buffer pool, size = 128.0M
2018-06-20 21:32:19 5180 [Note] InnoDB: Completed initialization of buffer pool
2018-06-20 21:32:19 5180 [Note] InnoDB: Highest supported file format is Barracuda.
2018-06-20 21:32:19 5180 [Note] InnoDB: The log sequence number 12018710 in ibdata file do not match the log sequence number 12022130 in the ib_logfiles!
2018-06-20 21:32:19 5180 [Note] InnoDB: Restoring possible half-written data pages from the doublewrite buffer...
2018-06-20 21:32:20 5180 [Note] InnoDB: 128 rollback segment(s) are active.
2018-06-20 21:32:20 5180 [Note] InnoDB: Waiting for purge to start
2018-06-20 21:32:20 5180 [Note] InnoDB:  Percona XtraDB (http://www.percona.com) 5.6.36-83.0 started; log sequence number 12022130
2018-06-20 21:32:20 1836 [Note] InnoDB: Dumping buffer pool(s) not yet started
2018-06-20 21:32:20 5180 [Note] Plugin 'FEEDBACK' is disabled.
2018-06-20 21:32:20 5180 [Note] Server socket created on IP: '::'.
2018-06-20 21:32:20 5180 [Note] C:\Users\percival\Desktop\ICMCommercialSystem\mysql\bin\mysqld.exe: ready for connections.
Version: '10.1.31-MariaDB'  socket: ''  port: 3306  mariadb.org binary distribution
2018-06-20 21:32:29 5572 [Note] InnoDB: innodb_empty_free_list_algorithm has been changed to legacy because of small buffer pool size. In order to use backoff, increase buffer pool at least up to 20MB.

2018-06-20 21:32:29 5572 [Note] InnoDB: Using mutexes to ref count buffer pool pages
2018-06-20 21:32:29 5572 [Note] InnoDB: The InnoDB memory heap is disabled
2018-06-20 21:32:29 5572 [Note] InnoDB: Mutexes and rw_locks use Windows interlocked functions
2018-06-20 21:32:29 5572 [Note] InnoDB: _mm_lfence() and _mm_sfence() are used for memory barrier
2018-06-20 21:32:29 5572 [Note] InnoDB: Compressed tables use zlib 1.2.3
2018-06-20 21:32:29 5572 [Note] InnoDB: Using generic crc32 instructions
2018-06-20 21:32:29 5572 [Note] InnoDB: Initializing buffer pool, size = 128.0M
2018-06-20 21:32:29 5572 [Note] InnoDB: Completed initialization of buffer pool
2018-06-20 21:32:29 5572 [Note] InnoDB: Highest supported file format is Barracuda.
2018-06-20 21:32:29 5572 [Note] InnoDB: The log sequence number 12018710 in ibdata file do not match the log sequence number 12022140 in the ib_logfiles!
2018-06-20 21:32:29 5572 [Note] InnoDB: Restoring possible half-written data pages from the doublewrite buffer...
2018-06-20 21:32:30 5572 [Note] InnoDB: 128 rollback segment(s) are active.
2018-06-20 21:32:30 5572 [Note] InnoDB: Waiting for purge to start
2018-06-20 21:32:30 5572 [Note] InnoDB:  Percona XtraDB (http://www.percona.com) 5.6.36-83.0 started; log sequence number 12022140
2018-06-20 21:32:31 5572 [Note] Plugin 'FEEDBACK' is disabled.
2018-06-20 21:32:31 5368 [Note] InnoDB: Dumping buffer pool(s) not yet started
2018-06-20 21:32:31 5572 [Note] Server socket created on IP: '::'.
2018-06-20 21:32:31 5572 [Note] C:\Users\percival\Desktop\ICMCommercialSystem\mysql\bin\mysqld.exe: ready for connections.
Version: '10.1.31-MariaDB'  socket: ''  port: 3306  mariadb.org binary distribution
2018-06-20 21:34:14 1940 [Note] InnoDB: innodb_empty_free_list_algorithm has been changed to legacy because of small buffer pool size. In order to use backoff, increase buffer pool at least up to 20MB.

2018-06-20 21:34:14 1940 [Note] InnoDB: Using mutexes to ref count buffer pool pages
2018-06-20 21:34:14 1940 [Note] InnoDB: The InnoDB memory heap is disabled
2018-06-20 21:34:14 1940 [Note] InnoDB: Mutexes and rw_locks use Windows interlocked functions
2018-06-20 21:34:14 1940 [Note] InnoDB: _mm_lfence() and _mm_sfence() are used for memory barrier
2018-06-20 21:34:14 1940 [Note] InnoDB: Compressed tables use zlib 1.2.3
2018-06-20 21:34:14 1940 [Note] InnoDB: Using generic crc32 instructions
2018-06-20 21:34:14 1940 [Note] InnoDB: Initializing buffer pool, size = 128.0M
2018-06-20 21:34:14 1940 [Note] InnoDB: Completed initialization of buffer pool
2018-06-20 21:34:14 1940 [Note] InnoDB: Highest supported file format is Barracuda.
2018-06-20 21:34:14 1940 [Note] InnoDB: The log sequence number 12018710 in ibdata file do not match the log sequence number 12022150 in the ib_logfiles!
2018-06-20 21:34:14 1940 [Note] InnoDB: Restoring possible half-written data pages from the doublewrite buffer...
2018-06-20 21:34:15 1940 [Note] InnoDB: 128 rollback segment(s) are active.
2018-06-20 21:34:15 1940 [Note] InnoDB: Waiting for purge to start
2018-06-20 21:34:15 1940 [Note] InnoDB:  Percona XtraDB (http://www.percona.com) 5.6.36-83.0 started; log sequence number 12022150
2018-06-20 21:34:16 3580 [Note] InnoDB: Dumping buffer pool(s) not yet started
2018-06-20 21:34:16 1940 [Note] Plugin 'FEEDBACK' is disabled.
2018-06-20 21:34:16 1940 [Note] Server socket created on IP: '::'.
2018-06-20 21:34:16 1940 [Note] C:\Users\percival\Desktop\ICMCommercialSystem\mysql\bin\mysqld.exe: ready for connections.
Version: '10.1.31-MariaDB'  socket: ''  port: 3306  mariadb.org binary distribution
2018-06-21 10:53:13 5412 [Note] InnoDB: innodb_empty_free_list_algorithm has been changed to legacy because of small buffer pool size. In order to use backoff, increase buffer pool at least up to 20MB.

2018-06-21 10:53:13 5412 [Note] InnoDB: Using mutexes to ref count buffer pool pages
2018-06-21 10:53:13 5412 [Note] InnoDB: The InnoDB memory heap is disabled
2018-06-21 10:53:13 5412 [Note] InnoDB: Mutexes and rw_locks use Windows interlocked functions
2018-06-21 10:53:13 5412 [Note] InnoDB: _mm_lfence() and _mm_sfence() are used for memory barrier
2018-06-21 10:53:13 5412 [Note] InnoDB: Compressed tables use zlib 1.2.3
2018-06-21 10:53:13 5412 [Note] InnoDB: Using generic crc32 instructions
2018-06-21 10:53:13 5412 [Note] InnoDB: Initializing buffer pool, size = 128.0M
2018-06-21 10:53:13 5412 [Note] InnoDB: Completed initialization of buffer pool
2018-06-21 10:53:13 5412 [Note] InnoDB: Highest supported file format is Barracuda.
2018-06-21 10:53:13 5412 [Note] InnoDB: The log sequence number 12018710 in ibdata file do not match the log sequence number 12033314 in the ib_logfiles!
2018-06-21 10:53:13 5412 [Note] InnoDB: Restoring possible half-written data pages from the doublewrite buffer...
2018-06-21 10:53:14 5412 [Note] InnoDB: 128 rollback segment(s) are active.
2018-06-21 10:53:14 5412 [Note] InnoDB: Waiting for purge to start
2018-06-21 10:53:14 5412 [Note] InnoDB:  Percona XtraDB (http://www.percona.com) 5.6.36-83.0 started; log sequence number 12033314
2018-06-21 10:53:14 5672 [Note] InnoDB: Dumping buffer pool(s) not yet started
2018-06-21 10:53:14 5412 [Note] Plugin 'FEEDBACK' is disabled.
2018-06-21 10:53:14 5412 [Note] Server socket created on IP: '::'.
2018-06-21 10:53:14 5412 [Note] C:\Users\percival\Desktop\ICMCommercialSystem\mysql\bin\mysqld.exe: ready for connections.
Version: '10.1.31-MariaDB'  socket: ''  port: 3306  mariadb.org binary distribution
2018-06-21 12:30:27 2220 [Note] InnoDB: innodb_empty_free_list_algorithm has been changed to legacy because of small buffer pool size. In order to use backoff, increase buffer pool at least up to 20MB.

2018-06-21 12:30:28 2220 [Note] InnoDB: Using mutexes to ref count buffer pool pages
2018-06-21 12:30:28 2220 [Note] InnoDB: The InnoDB memory heap is disabled
2018-06-21 12:30:28 2220 [Note] InnoDB: Mutexes and rw_locks use Windows interlocked functions
2018-06-21 12:30:28 2220 [Note] InnoDB: _mm_lfence() and _mm_sfence() are used for memory barrier
2018-06-21 12:30:28 2220 [Note] InnoDB: Compressed tables use zlib 1.2.3
2018-06-21 12:30:28 2220 [Note] InnoDB: Using generic crc32 instructions
2018-06-21 12:30:28 2220 [Note] InnoDB: Initializing buffer pool, size = 128.0M
2018-06-21 12:30:28 2220 [Note] InnoDB: Completed initialization of buffer pool
2018-06-21 12:30:28 2220 [Note] InnoDB: Highest supported file format is Barracuda.
2018-06-21 12:30:28 2220 [Note] InnoDB: The log sequence number 12018710 in ibdata file do not match the log sequence number 12033324 in the ib_logfiles!
2018-06-21 12:30:28 2220 [Note] InnoDB: Restoring possible half-written data pages from the doublewrite buffer...
2018-06-21 12:30:29 2220 [Note] InnoDB: 128 rollback segment(s) are active.
2018-06-21 12:30:29 2220 [Note] InnoDB: Waiting for purge to start
2018-06-21 12:30:29 2220 [Note] InnoDB:  Percona XtraDB (http://www.percona.com) 5.6.36-83.0 started; log sequence number 12033324
2018-06-21 12:30:29 5180 [Note] InnoDB: Dumping buffer pool(s) not yet started
2018-06-21 12:30:29 2220 [Note] Plugin 'FEEDBACK' is disabled.
2018-06-21 12:30:29 2220 [Note] Server socket created on IP: '::'.
2018-06-21 12:30:29 2220 [Note] C:\Users\percival\Desktop\ICMCommercialSystem\mysql\bin\mysqld.exe: ready for connections.
Version: '10.1.31-MariaDB'  socket: ''  port: 3306  mariadb.org binary distribution
2018-06-21 12:34:47 2908 [Note] InnoDB: innodb_empty_free_list_algorithm has been changed to legacy because of small buffer pool size. In order to use backoff, increase buffer pool at least up to 20MB.

2018-06-21 12:34:47 2908 [Note] InnoDB: Using mutexes to ref count buffer pool pages
2018-06-21 12:34:47 2908 [Note] InnoDB: The InnoDB memory heap is disabled
2018-06-21 12:34:47 2908 [Note] InnoDB: Mutexes and rw_locks use Windows interlocked functions
2018-06-21 12:34:47 2908 [Note] InnoDB: _mm_lfence() and _mm_sfence() are used for memory barrier
2018-06-21 12:34:47 2908 [Note] InnoDB: Compressed tables use zlib 1.2.3
2018-06-21 12:34:47 2908 [Note] InnoDB: Using generic crc32 instructions
2018-06-21 12:34:47 2908 [Note] InnoDB: Initializing buffer pool, size = 128.0M
2018-06-21 12:34:47 2908 [Note] InnoDB: Completed initialization of buffer pool
2018-06-21 12:34:47 2908 [ERROR] InnoDB: .\ibdata1 can't be opened in read-write mode
2018-06-21 12:34:47 2908 [ERROR] InnoDB: The system tablespace must be writable!
2018-06-21 12:34:47 2908 [ERROR] Plugin 'InnoDB' init function returned error.
2018-06-21 12:34:47 2908 [ERROR] Plugin 'InnoDB' registration as a STORAGE ENGINE failed.
2018-06-21 12:34:47 2908 [Note] Plugin 'FEEDBACK' is disabled.
2018-06-21 12:34:47 2908 [ERROR] Unknown/unsupported storage engine: InnoDB
2018-06-21 12:34:47 2908 [ERROR] Aborting

2018-06-21 12:35:16 5112 [Note] InnoDB: innodb_empty_free_list_algorithm has been changed to legacy because of small buffer pool size. In order to use backoff, increase buffer pool at least up to 20MB.

2018-06-21 12:35:16 5112 [Note] InnoDB: Using mutexes to ref count buffer pool pages
2018-06-21 12:35:16 5112 [Note] InnoDB: The InnoDB memory heap is disabled
2018-06-21 12:35:16 5112 [Note] InnoDB: Mutexes and rw_locks use Windows interlocked functions
2018-06-21 12:35:16 5112 [Note] InnoDB: _mm_lfence() and _mm_sfence() are used for memory barrier
2018-06-21 12:35:16 5112 [Note] InnoDB: Compressed tables use zlib 1.2.3
2018-06-21 12:35:16 5112 [Note] InnoDB: Using generic crc32 instructions
2018-06-21 12:35:16 5112 [Note] InnoDB: Initializing buffer pool, size = 128.0M
2018-06-21 12:35:16 5112 [Note] InnoDB: Completed initialization of buffer pool
2018-06-21 12:35:16 5112 [ERROR] InnoDB: .\ibdata1 can't be opened in read-write mode
2018-06-21 12:35:16 5112 [ERROR] InnoDB: The system tablespace must be writable!
2018-06-21 12:35:16 5112 [ERROR] Plugin 'InnoDB' init function returned error.
2018-06-21 12:35:16 5112 [ERROR] Plugin 'InnoDB' registration as a STORAGE ENGINE failed.
2018-06-21 12:35:16 5112 [Note] Plugin 'FEEDBACK' is disabled.
2018-06-21 12:35:16 5112 [ERROR] Unknown/unsupported storage engine: InnoDB
2018-06-21 12:35:16 5112 [ERROR] Aborting

2018-06-21 12:35:51 5012 [Note] InnoDB: innodb_empty_free_list_algorithm has been changed to legacy because of small buffer pool size. In order to use backoff, increase buffer pool at least up to 20MB.

2018-06-21 12:35:51 5012 [Note] InnoDB: Using mutexes to ref count buffer pool pages
2018-06-21 12:35:51 5012 [Note] InnoDB: The InnoDB memory heap is disabled
2018-06-21 12:35:51 5012 [Note] InnoDB: Mutexes and rw_locks use Windows interlocked functions
2018-06-21 12:35:51 5012 [Note] InnoDB: _mm_lfence() and _mm_sfence() are used for memory barrier
2018-06-21 12:35:51 5012 [Note] InnoDB: Compressed tables use zlib 1.2.3
2018-06-21 12:35:51 5012 [Note] InnoDB: Using generic crc32 instructions
2018-06-21 12:35:51 5012 [Note] InnoDB: Initializing buffer pool, size = 128.0M
2018-06-21 12:35:51 5012 [Note] InnoDB: Completed initialization of buffer pool
2018-06-21 12:35:51 5012 [ERROR] InnoDB: .\ibdata1 can't be opened in read-write mode
2018-06-21 12:35:51 5012 [ERROR] InnoDB: The system tablespace must be writable!
2018-06-21 12:35:51 5012 [ERROR] Plugin 'InnoDB' init function returned error.
2018-06-21 12:35:51 5012 [ERROR] Plugin 'InnoDB' registration as a STORAGE ENGINE failed.
2018-06-21 12:35:51 5012 [Note] Plugin 'FEEDBACK' is disabled.
2018-06-21 12:35:51 5012 [ERROR] Unknown/unsupported storage engine: InnoDB
2018-06-21 12:35:51 5012 [ERROR] Aborting

2018-06-21 12:36:52 5364 [Note] InnoDB: innodb_empty_free_list_algorithm has been changed to legacy because of small buffer pool size. In order to use backoff, increase buffer pool at least up to 20MB.

2018-06-21 12:36:52 5364 [Note] InnoDB: Using mutexes to ref count buffer pool pages
2018-06-21 12:36:52 5364 [Note] InnoDB: The InnoDB memory heap is disabled
2018-06-21 12:36:52 5364 [Note] InnoDB: Mutexes and rw_locks use Windows interlocked functions
2018-06-21 12:36:52 5364 [Note] InnoDB: _mm_lfence() and _mm_sfence() are used for memory barrier
2018-06-21 12:36:52 5364 [Note] InnoDB: Compressed tables use zlib 1.2.3
2018-06-21 12:36:52 5364 [Note] InnoDB: Using generic crc32 instructions
2018-06-21 12:36:52 5364 [Note] InnoDB: Initializing buffer pool, size = 128.0M
2018-06-21 12:36:52 5364 [Note] InnoDB: Completed initialization of buffer pool
2018-06-21 12:36:52 5364 [ERROR] InnoDB: .\ibdata1 can't be opened in read-write mode
2018-06-21 12:36:52 5364 [ERROR] InnoDB: The system tablespace must be writable!
2018-06-21 12:36:52 5364 [ERROR] Plugin 'InnoDB' init function returned error.
2018-06-21 12:36:52 5364 [ERROR] Plugin 'InnoDB' registration as a STORAGE ENGINE failed.
2018-06-21 12:36:52 5364 [Note] Plugin 'FEEDBACK' is disabled.
2018-06-21 12:36:52 5364 [ERROR] Unknown/unsupported storage engine: InnoDB
2018-06-21 12:36:52 5364 [ERROR] Aborting

2018-06-21 12:37:52 3692 [Note] InnoDB: innodb_empty_free_list_algorithm has been changed to legacy because of small buffer pool size. In order to use backoff, increase buffer pool at least up to 20MB.

2018-06-21 12:37:52 3692 [Note] InnoDB: Using mutexes to ref count buffer pool pages
2018-06-21 12:37:52 3692 [Note] InnoDB: The InnoDB memory heap is disabled
2018-06-21 12:37:52 3692 [Note] InnoDB: Mutexes and rw_locks use Windows interlocked functions
2018-06-21 12:37:52 3692 [Note] InnoDB: _mm_lfence() and _mm_sfence() are used for memory barrier
2018-06-21 12:37:52 3692 [Note] InnoDB: Compressed tables use zlib 1.2.3
2018-06-21 12:37:52 3692 [Note] InnoDB: Using generic crc32 instructions
2018-06-21 12:37:52 3692 [Note] InnoDB: Initializing buffer pool, size = 128.0M
2018-06-21 12:37:52 3692 [Note] InnoDB: Completed initialization of buffer pool
2018-06-21 12:37:52 3692 [ERROR] InnoDB: .\ibdata1 can't be opened in read-write mode
2018-06-21 12:37:52 3692 [ERROR] InnoDB: The system tablespace must be writable!
2018-06-21 12:37:52 3692 [ERROR] Plugin 'InnoDB' init function returned error.
2018-06-21 12:37:52 3692 [ERROR] Plugin 'InnoDB' registration as a STORAGE ENGINE failed.
2018-06-21 12:37:52 3692 [Note] Plugin 'FEEDBACK' is disabled.
2018-06-21 12:37:52 3692 [ERROR] Unknown/unsupported storage engine: InnoDB
2018-06-21 12:37:52 3692 [ERROR] Aborting

2018-06-21 12:43:43 6112 [Note] InnoDB: innodb_empty_free_list_algorithm has been changed to legacy because of small buffer pool size. In order to use backoff, increase buffer pool at least up to 20MB.

2018-06-21 12:43:43 6112 [Note] InnoDB: Using mutexes to ref count buffer pool pages
2018-06-21 12:43:43 6112 [Note] InnoDB: The InnoDB memory heap is disabled
2018-06-21 12:43:43 6112 [Note] InnoDB: Mutexes and rw_locks use Windows interlocked functions
2018-06-21 12:43:43 6112 [Note] InnoDB: _mm_lfence() and _mm_sfence() are used for memory barrier
2018-06-21 12:43:43 6112 [Note] InnoDB: Compressed tables use zlib 1.2.3
2018-06-21 12:43:43 6112 [Note] InnoDB: Using generic crc32 instructions
2018-06-21 12:43:43 6112 [Note] InnoDB: Initializing buffer pool, size = 128.0M
2018-06-21 12:43:43 6112 [Note] InnoDB: Completed initialization of buffer pool
2018-06-21 12:43:43 6112 [Note] InnoDB: Highest supported file format is Barracuda.
2018-06-21 12:43:43 6112 [Note] InnoDB: The log sequence number 12018710 in ibdata file do not match the log sequence number 12033334 in the ib_logfiles!
2018-06-21 12:43:43 6112 [Note] InnoDB: Restoring possible half-written data pages from the doublewrite buffer...
2018-06-21 12:43:44 6112 [Note] InnoDB: 128 rollback segment(s) are active.
2018-06-21 12:43:44 6112 [Note] InnoDB: Waiting for purge to start
2018-06-21 12:43:44 6112 [Note] InnoDB:  Percona XtraDB (http://www.percona.com) 5.6.36-83.0 started; log sequence number 12033334
2018-06-21 12:43:45 2024 [Note] InnoDB: Dumping buffer pool(s) not yet started
2018-06-21 12:43:45 6112 [Note] Plugin 'FEEDBACK' is disabled.
2018-06-21 12:43:45 6112 [Note] Server socket created on IP: '::'.
2018-06-21 12:43:45 6112 [Note] C:\Users\percival\Desktop\ICMCommercialSystem\mysql\bin\mysqld.exe: ready for connections.
Version: '10.1.31-MariaDB'  socket: ''  port: 3306  mariadb.org binary distribution
2018-06-21 12:44:46 5040 [Note] InnoDB: innodb_empty_free_list_algorithm has been changed to legacy because of small buffer pool size. In order to use backoff, increase buffer pool at least up to 20MB.

2018-06-21 12:44:46 5040 [Note] InnoDB: Using mutexes to ref count buffer pool pages
2018-06-21 12:44:46 5040 [Note] InnoDB: The InnoDB memory heap is disabled
2018-06-21 12:44:46 5040 [Note] InnoDB: Mutexes and rw_locks use Windows interlocked functions
2018-06-21 12:44:46 5040 [Note] InnoDB: _mm_lfence() and _mm_sfence() are used for memory barrier
2018-06-21 12:44:46 5040 [Note] InnoDB: Compressed tables use zlib 1.2.3
2018-06-21 12:44:46 5040 [Note] InnoDB: Using generic crc32 instructions
2018-06-21 12:44:46 5040 [Note] InnoDB: Initializing buffer pool, size = 128.0M
2018-06-21 12:44:46 5040 [Note] InnoDB: Completed initialization of buffer pool
2018-06-21 12:44:46 5040 [ERROR] InnoDB: .\ibdata1 can't be opened in read-write mode
2018-06-21 12:44:46 5040 [ERROR] InnoDB: The system tablespace must be writable!
2018-06-21 12:44:46 5040 [ERROR] Plugin 'InnoDB' init function returned error.
2018-06-21 12:44:46 5040 [ERROR] Plugin 'InnoDB' registration as a STORAGE ENGINE failed.
2018-06-21 12:44:46 5040 [Note] Plugin 'FEEDBACK' is disabled.
2018-06-21 12:44:46 5040 [ERROR] Unknown/unsupported storage engine: InnoDB
2018-06-21 12:44:46 5040 [ERROR] Aborting

2018-06-21 12:44:58 3424 [Note] InnoDB: innodb_empty_free_list_algorithm has been changed to legacy because of small buffer pool size. In order to use backoff, increase buffer pool at least up to 20MB.

2018-06-21 12:44:58 3424 [Note] InnoDB: Using mutexes to ref count buffer pool pages
2018-06-21 12:44:58 3424 [Note] InnoDB: The InnoDB memory heap is disabled
2018-06-21 12:44:58 3424 [Note] InnoDB: Mutexes and rw_locks use Windows interlocked functions
2018-06-21 12:44:58 3424 [Note] InnoDB: _mm_lfence() and _mm_sfence() are used for memory barrier
2018-06-21 12:44:58 3424 [Note] InnoDB: Compressed tables use zlib 1.2.3
2018-06-21 12:44:58 3424 [Note] InnoDB: Using generic crc32 instructions
2018-06-21 12:44:58 3424 [Note] InnoDB: Initializing buffer pool, size = 128.0M
2018-06-21 12:44:58 3424 [Note] InnoDB: Completed initialization of buffer pool
2018-06-21 12:44:58 3424 [ERROR] InnoDB: .\ibdata1 can't be opened in read-write mode
2018-06-21 12:44:58 3424 [ERROR] InnoDB: The system tablespace must be writable!
2018-06-21 12:44:58 3424 [ERROR] Plugin 'InnoDB' init function returned error.
2018-06-21 12:44:58 3424 [ERROR] Plugin 'InnoDB' registration as a STORAGE ENGINE failed.
2018-06-21 12:44:58 3424 [Note] Plugin 'FEEDBACK' is disabled.
2018-06-21 12:44:58 3424 [ERROR] Unknown/unsupported storage engine: InnoDB
2018-06-21 12:44:58 3424 [ERROR] Aborting

2018-06-21 12:54:39 2516 [Note] InnoDB: innodb_empty_free_list_algorithm has been changed to legacy because of small buffer pool size. In order to use backoff, increase buffer pool at least up to 20MB.

2018-06-21 12:54:39 2516 [Note] InnoDB: Using mutexes to ref count buffer pool pages
2018-06-21 12:54:39 2516 [Note] InnoDB: The InnoDB memory heap is disabled
2018-06-21 12:54:39 2516 [Note] InnoDB: Mutexes and rw_locks use Windows interlocked functions
2018-06-21 12:54:39 2516 [Note] InnoDB: _mm_lfence() and _mm_sfence() are used for memory barrier
2018-06-21 12:54:39 2516 [Note] InnoDB: Compressed tables use zlib 1.2.3
2018-06-21 12:54:39 2516 [Note] InnoDB: Using generic crc32 instructions
2018-06-21 12:54:39 2516 [Note] InnoDB: Initializing buffer pool, size = 128.0M
2018-06-21 12:54:39 2516 [Note] InnoDB: Completed initialization of buffer pool
2018-06-21 12:54:39 2516 [ERROR] InnoDB: .\ibdata1 can't be opened in read-write mode
2018-06-21 12:54:39 2516 [ERROR] InnoDB: The system tablespace must be writable!
2018-06-21 12:54:39 2516 [ERROR] Plugin 'InnoDB' init function returned error.
2018-06-21 12:54:39 2516 [ERROR] Plugin 'InnoDB' registration as a STORAGE ENGINE failed.
2018-06-21 12:54:39 2516 [Note] Plugin 'FEEDBACK' is disabled.
2018-06-21 12:54:39 2516 [ERROR] Unknown/unsupported storage engine: InnoDB
2018-06-21 12:54:39 2516 [ERROR] Aborting

2018-06-21 12:54:51 5452 [Note] InnoDB: innodb_empty_free_list_algorithm has been changed to legacy because of small buffer pool size. In order to use backoff, increase buffer pool at least up to 20MB.

2018-06-21 12:54:51 5452 [Note] InnoDB: Using mutexes to ref count buffer pool pages
2018-06-21 12:54:51 5452 [Note] InnoDB: The InnoDB memory heap is disabled
2018-06-21 12:54:51 5452 [Note] InnoDB: Mutexes and rw_locks use Windows interlocked functions
2018-06-21 12:54:51 5452 [Note] InnoDB: _mm_lfence() and _mm_sfence() are used for memory barrier
2018-06-21 12:54:51 5452 [Note] InnoDB: Compressed tables use zlib 1.2.3
2018-06-21 12:54:51 5452 [Note] InnoDB: Using generic crc32 instructions
2018-06-21 12:54:51 5452 [Note] InnoDB: Initializing buffer pool, size = 128.0M
2018-06-21 12:54:51 5452 [Note] InnoDB: Completed initialization of buffer pool
2018-06-21 12:54:51 5452 [ERROR] InnoDB: .\ibdata1 can't be opened in read-write mode
2018-06-21 12:54:51 5452 [ERROR] InnoDB: The system tablespace must be writable!
2018-06-21 12:54:51 5452 [ERROR] Plugin 'InnoDB' init function returned error.
2018-06-21 12:54:51 5452 [ERROR] Plugin 'InnoDB' registration as a STORAGE ENGINE failed.
2018-06-21 12:54:51 5452 [Note] Plugin 'FEEDBACK' is disabled.
C:\Users\percival\Desktop\ICMCommercialSystem\mysql\bin\mysqld.exe: Too many arguments (first extra is 'shutdown').
2018-06-21 12:54:51 5452 [ERROR] Aborting

2018-06-21 12:56:48 2448 [Note] InnoDB: innodb_empty_free_list_algorithm has been changed to legacy because of small buffer pool size. In order to use backoff, increase buffer pool at least up to 20MB.

2018-06-21 12:56:48 2448 [Note] InnoDB: Using mutexes to ref count buffer pool pages
2018-06-21 12:56:48 2448 [Note] InnoDB: The InnoDB memory heap is disabled
2018-06-21 12:56:48 2448 [Note] InnoDB: Mutexes and rw_locks use Windows interlocked functions
2018-06-21 12:56:48 2448 [Note] InnoDB: _mm_lfence() and _mm_sfence() are used for memory barrier
2018-06-21 12:56:48 2448 [Note] InnoDB: Compressed tables use zlib 1.2.3
2018-06-21 12:56:48 2448 [Note] InnoDB: Using generic crc32 instructions
2018-06-21 12:56:48 2448 [Note] InnoDB: Initializing buffer pool, size = 128.0M
2018-06-21 12:56:48 2448 [Note] InnoDB: Completed initialization of buffer pool
2018-06-21 12:56:48 2448 [Note] InnoDB: Highest supported file format is Barracuda.
2018-06-21 12:56:48 2448 [Note] InnoDB: The log sequence number 12018710 in ibdata file do not match the log sequence number 12033344 in the ib_logfiles!
2018-06-21 12:56:48 2448 [Note] InnoDB: Restoring possible half-written data pages from the doublewrite buffer...
2018-06-21 12:56:49 2448 [Note] InnoDB: 128 rollback segment(s) are active.
2018-06-21 12:56:49 2448 [Note] InnoDB: Waiting for purge to start
2018-06-21 12:56:49 2448 [Note] InnoDB:  Percona XtraDB (http://www.percona.com) 5.6.36-83.0 started; log sequence number 12033344
2018-06-21 12:56:49 2896 [Note] InnoDB: Dumping buffer pool(s) not yet started
2018-06-21 12:56:49 2448 [Note] Plugin 'FEEDBACK' is disabled.
2018-06-21 12:56:49 2448 [Note] Server socket created on IP: '::'.
2018-06-21 12:56:50 2448 [Note] C:\Users\percival\Desktop\ICMCommercialSystem\mysql\bin\mysqld.exe: ready for connections.
Version: '10.1.31-MariaDB'  socket: ''  port: 3306  mariadb.org binary distribution
2018-06-21 13:00:08 2988 [Note] InnoDB: innodb_empty_free_list_algorithm has been changed to legacy because of small buffer pool size. In order to use backoff, increase buffer pool at least up to 20MB.

2018-06-21 13:00:08 2988 [Note] InnoDB: Using mutexes to ref count buffer pool pages
2018-06-21 13:00:08 2988 [Note] InnoDB: The InnoDB memory heap is disabled
2018-06-21 13:00:08 2988 [Note] InnoDB: Mutexes and rw_locks use Windows interlocked functions
2018-06-21 13:00:08 2988 [Note] InnoDB: _mm_lfence() and _mm_sfence() are used for memory barrier
2018-06-21 13:00:08 2988 [Note] InnoDB: Compressed tables use zlib 1.2.3
2018-06-21 13:00:08 2988 [Note] InnoDB: Using generic crc32 instructions
2018-06-21 13:00:08 2988 [Note] InnoDB: Initializing buffer pool, size = 128.0M
2018-06-21 13:00:08 2988 [Note] InnoDB: Completed initialization of buffer pool
2018-06-21 13:00:08 2988 [Note] InnoDB: Highest supported file format is Barracuda.
2018-06-21 13:00:08 2988 [Note] InnoDB: The log sequence number 12018710 in ibdata file do not match the log sequence number 12033354 in the ib_logfiles!
2018-06-21 13:00:09 2988 [Note] InnoDB: Restoring possible half-written data pages from the doublewrite buffer...
2018-06-21 13:00:10 2988 [Note] InnoDB: 128 rollback segment(s) are active.
2018-06-21 13:00:10 2988 [Note] InnoDB: Waiting for purge to start
2018-06-21 13:00:10 2988 [Note] InnoDB:  Percona XtraDB (http://www.percona.com) 5.6.36-83.0 started; log sequence number 12033354
2018-06-21 13:00:10 2988 [Note] Plugin 'FEEDBACK' is disabled.
2018-06-21 13:00:10 5776 [Note] InnoDB: Dumping buffer pool(s) not yet started
2018-06-21 13:00:10 2988 [Note] Server socket created on IP: '::'.
2018-06-21 13:00:10 2988 [Note] C:\Users\percival\Desktop\ICMCommercialSystem\mysql\bin\mysqld.exe: ready for connections.
Version: '10.1.31-MariaDB'  socket: ''  port: 3306  mariadb.org binary distribution
2018-06-21 13:01:57 3736 [Note] InnoDB: innodb_empty_free_list_algorithm has been changed to legacy because of small buffer pool size. In order to use backoff, increase buffer pool at least up to 20MB.

2018-06-21 13:01:57 3736 [Note] InnoDB: Using mutexes to ref count buffer pool pages
2018-06-21 13:01:57 3736 [Note] InnoDB: The InnoDB memory heap is disabled
2018-06-21 13:01:57 3736 [Note] InnoDB: Mutexes and rw_locks use Windows interlocked functions
2018-06-21 13:01:57 3736 [Note] InnoDB: _mm_lfence() and _mm_sfence() are used for memory barrier
2018-06-21 13:01:57 3736 [Note] InnoDB: Compressed tables use zlib 1.2.3
2018-06-21 13:01:57 3736 [Note] InnoDB: Using generic crc32 instructions
2018-06-21 13:01:57 3736 [Note] InnoDB: Initializing buffer pool, size = 128.0M
2018-06-21 13:01:57 3736 [Note] InnoDB: Completed initialization of buffer pool
2018-06-21 13:01:57 3736 [Note] InnoDB: Highest supported file format is Barracuda.
2018-06-21 13:01:57 3736 [Note] InnoDB: The log sequence number 12018710 in ibdata file do not match the log sequence number 12033364 in the ib_logfiles!
2018-06-21 13:01:58 3736 [Note] InnoDB: Restoring possible half-written data pages from the doublewrite buffer...
2018-06-21 13:01:58 3736 [Note] InnoDB: 128 rollback segment(s) are active.
2018-06-21 13:01:58 3736 [Note] InnoDB: Waiting for purge to start
2018-06-21 13:01:58 3736 [Note] InnoDB:  Percona XtraDB (http://www.percona.com) 5.6.36-83.0 started; log sequence number 12033364
2018-06-21 13:01:59 1428 [Note] InnoDB: Dumping buffer pool(s) not yet started
2018-06-21 13:01:59 3736 [Note] Plugin 'FEEDBACK' is disabled.
2018-06-21 13:01:59 3736 [Note] Server socket created on IP: '::'.
2018-06-21 13:01:59 3736 [Note] C:\Users\percival\Desktop\ICMCommercialSystem\mysql\bin\mysqld.exe: ready for connections.
Version: '10.1.31-MariaDB'  socket: ''  port: 3306  mariadb.org binary distribution
2018-06-21 13:03:00 6080 [Note] InnoDB: innodb_empty_free_list_algorithm has been changed to legacy because of small buffer pool size. In order to use backoff, increase buffer pool at least up to 20MB.

2018-06-21 13:03:00 6080 [Note] InnoDB: Using mutexes to ref count buffer pool pages
2018-06-21 13:03:00 6080 [Note] InnoDB: The InnoDB memory heap is disabled
2018-06-21 13:03:00 6080 [Note] InnoDB: Mutexes and rw_locks use Windows interlocked functions
2018-06-21 13:03:00 6080 [Note] InnoDB: _mm_lfence() and _mm_sfence() are used for memory barrier
2018-06-21 13:03:00 6080 [Note] InnoDB: Compressed tables use zlib 1.2.3
2018-06-21 13:03:00 6080 [Note] InnoDB: Using generic crc32 instructions
2018-06-21 13:03:00 6080 [Note] InnoDB: Initializing buffer pool, size = 128.0M
2018-06-21 13:03:00 6080 [Note] InnoDB: Completed initialization of buffer pool
2018-06-21 13:03:00 6080 [Note] InnoDB: Highest supported file format is Barracuda.
2018-06-21 13:03:00 6080 [Note] InnoDB: The log sequence number 12018710 in ibdata file do not match the log sequence number 12033374 in the ib_logfiles!
2018-06-21 13:03:00 6080 [Note] InnoDB: Restoring possible half-written data pages from the doublewrite buffer...
2018-06-21 13:03:01 6080 [Note] InnoDB: 128 rollback segment(s) are active.
2018-06-21 13:03:01 6080 [Note] InnoDB: Waiting for purge to start
2018-06-21 13:03:01 6080 [Note] InnoDB:  Percona XtraDB (http://www.percona.com) 5.6.36-83.0 started; log sequence number 12033374
2018-06-21 13:03:01 5924 [Note] InnoDB: Dumping buffer pool(s) not yet started
2018-06-21 13:03:01 6080 [Note] Plugin 'FEEDBACK' is disabled.
2018-06-21 13:03:01 6080 [Note] Server socket created on IP: '::'.
2018-06-21 13:03:02 6080 [Note] C:\Users\percival\Desktop\ICMCommercialSystem\mysql\bin\mysqld.exe: ready for connections.
Version: '10.1.31-MariaDB'  socket: ''  port: 3306  mariadb.org binary distribution
2018-06-21 13:05:01 3676 [Note] InnoDB: innodb_empty_free_list_algorithm has been changed to legacy because of small buffer pool size. In order to use backoff, increase buffer pool at least up to 20MB.

2018-06-21 13:05:01 3676 [Note] InnoDB: Using mutexes to ref count buffer pool pages
2018-06-21 13:05:01 3676 [Note] InnoDB: The InnoDB memory heap is disabled
2018-06-21 13:05:01 3676 [Note] InnoDB: Mutexes and rw_locks use Windows interlocked functions
2018-06-21 13:05:01 3676 [Note] InnoDB: _mm_lfence() and _mm_sfence() are used for memory barrier
2018-06-21 13:05:01 3676 [Note] InnoDB: Compressed tables use zlib 1.2.3
2018-06-21 13:05:01 3676 [Note] InnoDB: Using generic crc32 instructions
2018-06-21 13:05:01 3676 [Note] InnoDB: Initializing buffer pool, size = 128.0M
2018-06-21 13:05:01 3676 [Note] InnoDB: Completed initialization of buffer pool
2018-06-21 13:05:01 3676 [Note] InnoDB: Highest supported file format is Barracuda.
2018-06-21 13:05:01 3676 [Note] InnoDB: The log sequence number 12018710 in ibdata file do not match the log sequence number 12033384 in the ib_logfiles!
2018-06-21 13:05:02 3676 [Note] InnoDB: Restoring possible half-written data pages from the doublewrite buffer...
2018-06-21 13:05:03 3676 [Note] InnoDB: 128 rollback segment(s) are active.
2018-06-21 13:05:03 3676 [Note] InnoDB: Waiting for purge to start
2018-06-21 13:05:03 3676 [Note] InnoDB:  Percona XtraDB (http://www.percona.com) 5.6.36-83.0 started; log sequence number 12033384
2018-06-21 13:05:03 3676 [Note] Plugin 'FEEDBACK' is disabled.
2018-06-21 13:05:03 1476 [Note] InnoDB: Dumping buffer pool(s) not yet started
2018-06-21 13:05:03 3676 [Note] Server socket created on IP: '::'.
2018-06-21 13:05:03 3676 [Note] C:\Users\percival\Desktop\ICMCommercialSystem\mysql\bin\mysqld.exe: ready for connections.
Version: '10.1.31-MariaDB'  socket: ''  port: 3306  mariadb.org binary distribution
2018-06-21 13:07:07 2584 [Note] InnoDB: innodb_empty_free_list_algorithm has been changed to legacy because of small buffer pool size. In order to use backoff, increase buffer pool at least up to 20MB.

2018-06-21 13:07:07 2584 [Note] InnoDB: Using mutexes to ref count buffer pool pages
2018-06-21 13:07:07 2584 [Note] InnoDB: The InnoDB memory heap is disabled
2018-06-21 13:07:07 2584 [Note] InnoDB: Mutexes and rw_locks use Windows interlocked functions
2018-06-21 13:07:07 2584 [Note] InnoDB: _mm_lfence() and _mm_sfence() are used for memory barrier
2018-06-21 13:07:07 2584 [Note] InnoDB: Compressed tables use zlib 1.2.3
2018-06-21 13:07:07 2584 [Note] InnoDB: Using generic crc32 instructions
2018-06-21 13:07:07 2584 [Note] InnoDB: Initializing buffer pool, size = 128.0M
2018-06-21 13:07:07 2584 [Note] InnoDB: Completed initialization of buffer pool
2018-06-21 13:07:07 2584 [Note] InnoDB: Highest supported file format is Barracuda.
2018-06-21 13:07:08 2584 [Note] InnoDB: The log sequence number 12018710 in ibdata file do not match the log sequence number 12033394 in the ib_logfiles!
2018-06-21 13:07:08 2584 [Note] InnoDB: Restoring possible half-written data pages from the doublewrite buffer...
2018-06-21 13:07:09 2584 [Note] InnoDB: 128 rollback segment(s) are active.
2018-06-21 13:07:09 2584 [Note] InnoDB: Waiting for purge to start
2018-06-21 13:07:09 2584 [Note] InnoDB:  Percona XtraDB (http://www.percona.com) 5.6.36-83.0 started; log sequence number 12033394
2018-06-21 13:07:09 4864 [Note] InnoDB: Dumping buffer pool(s) not yet started
2018-06-21 13:07:09 2584 [Note] Plugin 'FEEDBACK' is disabled.
2018-06-21 13:07:09 2584 [Note] Server socket created on IP: '::'.
2018-06-21 13:07:09 2584 [Note] C:\Users\percival\Desktop\ICMCommercialSystem\mysql\bin\mysqld.exe: ready for connections.
Version: '10.1.31-MariaDB'  socket: ''  port: 3306  mariadb.org binary distribution
2018-06-21 13:07:20 3716 [Note] InnoDB: innodb_empty_free_list_algorithm has been changed to legacy because of small buffer pool size. In order to use backoff, increase buffer pool at least up to 20MB.

2018-06-21 13:07:20 3716 [Note] InnoDB: Using mutexes to ref count buffer pool pages
2018-06-21 13:07:20 3716 [Note] InnoDB: The InnoDB memory heap is disabled
2018-06-21 13:07:20 3716 [Note] InnoDB: Mutexes and rw_locks use Windows interlocked functions
2018-06-21 13:07:20 3716 [Note] InnoDB: _mm_lfence() and _mm_sfence() are used for memory barrier
2018-06-21 13:07:20 3716 [Note] InnoDB: Compressed tables use zlib 1.2.3
2018-06-21 13:07:20 3716 [Note] InnoDB: Using generic crc32 instructions
2018-06-21 13:07:20 3716 [Note] InnoDB: Initializing buffer pool, size = 128.0M
2018-06-21 13:07:20 3716 [Note] InnoDB: Completed initialization of buffer pool
2018-06-21 13:07:21 3716 [Note] InnoDB: Highest supported file format is Barracuda.
2018-06-21 13:07:21 3716 [Note] InnoDB: The log sequence number 12018710 in ibdata file do not match the log sequence number 12033404 in the ib_logfiles!
2018-06-21 13:07:21 3716 [Note] InnoDB: Restoring possible half-written data pages from the doublewrite buffer...
2018-06-21 13:07:21 3716 [Note] InnoDB: 128 rollback segment(s) are active.
2018-06-21 13:07:21 3716 [Note] InnoDB: Waiting for purge to start
2018-06-21 13:07:21 3716 [Note] InnoDB:  Percona XtraDB (http://www.percona.com) 5.6.36-83.0 started; log sequence number 12033404
2018-06-21 13:07:21 1440 [Note] InnoDB: Dumping buffer pool(s) not yet started
2018-06-21 13:07:21 3716 [Note] Plugin 'FEEDBACK' is disabled.
2018-06-21 13:07:21 3716 [Note] Server socket created on IP: '::'.
2018-06-21 13:07:22 3716 [Note] C:\Users\percival\Desktop\ICMCommercialSystem\mysql\bin\mysqld.exe: ready for connections.
Version: '10.1.31-MariaDB'  socket: ''  port: 3306  mariadb.org binary distribution
2018-06-21 13:08:41 2772 [Note] InnoDB: innodb_empty_free_list_algorithm has been changed to legacy because of small buffer pool size. In order to use backoff, increase buffer pool at least up to 20MB.

2018-06-21 13:08:41 2772 [Note] InnoDB: Using mutexes to ref count buffer pool pages
2018-06-21 13:08:41 2772 [Note] InnoDB: The InnoDB memory heap is disabled
2018-06-21 13:08:41 2772 [Note] InnoDB: Mutexes and rw_locks use Windows interlocked functions
2018-06-21 13:08:41 2772 [Note] InnoDB: _mm_lfence() and _mm_sfence() are used for memory barrier
2018-06-21 13:08:41 2772 [Note] InnoDB: Compressed tables use zlib 1.2.3
2018-06-21 13:08:41 2772 [Note] InnoDB: Using generic crc32 instructions
2018-06-21 13:08:41 2772 [Note] InnoDB: Initializing buffer pool, size = 128.0M
2018-06-21 13:08:41 2772 [Note] InnoDB: Completed initialization of buffer pool
2018-06-21 13:08:41 2772 [Note] InnoDB: Highest supported file format is Barracuda.
2018-06-21 13:08:41 2772 [Note] InnoDB: The log sequence number 12018710 in ibdata file do not match the log sequence number 12033414 in the ib_logfiles!
2018-06-21 13:08:41 2772 [Note] InnoDB: Restoring possible half-written data pages from the doublewrite buffer...
2018-06-21 13:08:42 2772 [Note] InnoDB: 128 rollback segment(s) are active.
2018-06-21 13:08:42 2772 [Note] InnoDB: Waiting for purge to start
2018-06-21 13:08:42 2772 [Note] InnoDB:  Percona XtraDB (http://www.percona.com) 5.6.36-83.0 started; log sequence number 12033414
2018-06-21 13:08:42 3216 [Note] InnoDB: Dumping buffer pool(s) not yet started
2018-06-21 13:08:42 2772 [Note] Plugin 'FEEDBACK' is disabled.
2018-06-21 13:08:42 2772 [Note] Server socket created on IP: '::'.
2018-06-21 13:08:42 2772 [Note] C:\Users\percival\Desktop\ICMCommercialSystem\mysql\bin\mysqld.exe: ready for connections.
Version: '10.1.31-MariaDB'  socket: ''  port: 3306  mariadb.org binary distribution
2018-06-21 13:09:45 3468 [Note] InnoDB: innodb_empty_free_list_algorithm has been changed to legacy because of small buffer pool size. In order to use backoff, increase buffer pool at least up to 20MB.

2018-06-21 13:09:45 3468 [Note] InnoDB: Using mutexes to ref count buffer pool pages
2018-06-21 13:09:45 3468 [Note] InnoDB: The InnoDB memory heap is disabled
2018-06-21 13:09:45 3468 [Note] InnoDB: Mutexes and rw_locks use Windows interlocked functions
2018-06-21 13:09:45 3468 [Note] InnoDB: _mm_lfence() and _mm_sfence() are used for memory barrier
2018-06-21 13:09:45 3468 [Note] InnoDB: Compressed tables use zlib 1.2.3
2018-06-21 13:09:45 3468 [Note] InnoDB: Using generic crc32 instructions
2018-06-21 13:09:45 3468 [Note] InnoDB: Initializing buffer pool, size = 128.0M
2018-06-21 13:09:45 3468 [Note] InnoDB: Completed initialization of buffer pool
2018-06-21 13:09:45 3468 [Note] InnoDB: Highest supported file format is Barracuda.
2018-06-21 13:09:45 3468 [Note] InnoDB: The log sequence number 12018710 in ibdata file do not match the log sequence number 12033424 in the ib_logfiles!
2018-06-21 13:09:45 3468 [Note] InnoDB: Restoring possible half-written data pages from the doublewrite buffer...
2018-06-21 13:09:46 3468 [Note] InnoDB: 128 rollback segment(s) are active.
2018-06-21 13:09:46 3468 [Note] InnoDB: Waiting for purge to start
2018-06-21 13:09:46 3468 [Note] InnoDB:  Percona XtraDB (http://www.percona.com) 5.6.36-83.0 started; log sequence number 12033424
2018-06-21 13:09:46 3052 [Note] InnoDB: Dumping buffer pool(s) not yet started
2018-06-21 13:09:46 3468 [Note] Plugin 'FEEDBACK' is disabled.
2018-06-21 13:09:46 3468 [Note] Server socket created on IP: '::'.
2018-06-21 13:09:46 3468 [Note] C:\Users\percival\Desktop\ICMCommercialSystem\mysql\bin\mysqld.exe: ready for connections.
Version: '10.1.31-MariaDB'  socket: ''  port: 3306  mariadb.org binary distribution
2018-06-21 20:13:25 6056 [Note] InnoDB: innodb_empty_free_list_algorithm has been changed to legacy because of small buffer pool size. In order to use backoff, increase buffer pool at least up to 20MB.

2018-06-21 20:13:25 6056 [Note] InnoDB: Using mutexes to ref count buffer pool pages
2018-06-21 20:13:25 6056 [Note] InnoDB: The InnoDB memory heap is disabled
2018-06-21 20:13:25 6056 [Note] InnoDB: Mutexes and rw_locks use Windows interlocked functions
2018-06-21 20:13:25 6056 [Note] InnoDB: _mm_lfence() and _mm_sfence() are used for memory barrier
2018-06-21 20:13:25 6056 [Note] InnoDB: Compressed tables use zlib 1.2.3
2018-06-21 20:13:25 6056 [Note] InnoDB: Using generic crc32 instructions
2018-06-21 20:13:25 6056 [Note] InnoDB: Initializing buffer pool, size = 128.0M
2018-06-21 20:13:25 6056 [Note] InnoDB: Completed initialization of buffer pool
2018-06-21 20:13:25 6056 [Note] InnoDB: Highest supported file format is Barracuda.
2018-06-21 20:13:25 6056 [Note] InnoDB: The log sequence number 12018710 in ibdata file do not match the log sequence number 12033434 in the ib_logfiles!
2018-06-21 20:13:25 6056 [Note] InnoDB: Restoring possible half-written data pages from the doublewrite buffer...
2018-06-21 20:13:26 6056 [Note] InnoDB: 128 rollback segment(s) are active.
2018-06-21 20:13:26 6056 [Note] InnoDB: Waiting for purge to start
2018-06-21 20:13:26 6056 [Note] InnoDB:  Percona XtraDB (http://www.percona.com) 5.6.36-83.0 started; log sequence number 12033434
2018-06-21 20:13:27 1872 [Note] InnoDB: Dumping buffer pool(s) not yet started
2018-06-21 20:13:27 6056 [Note] Plugin 'FEEDBACK' is disabled.
2018-06-21 20:13:27 6056 [Note] Server socket created on IP: '::'.
2018-06-21 20:13:27 6056 [Note] C:\Users\percival\Desktop\ICMCommercialSystem\mysql\bin\mysqld.exe: ready for connections.
Version: '10.1.31-MariaDB'  socket: ''  port: 3306  mariadb.org binary distribution
2018-06-21 20:23:16 4904 [Note] InnoDB: innodb_empty_free_list_algorithm has been changed to legacy because of small buffer pool size. In order to use backoff, increase buffer pool at least up to 20MB.

2018-06-21 20:23:16 4904 [Note] InnoDB: Using mutexes to ref count buffer pool pages
2018-06-21 20:23:16 4904 [Note] InnoDB: The InnoDB memory heap is disabled
2018-06-21 20:23:16 4904 [Note] InnoDB: Mutexes and rw_locks use Windows interlocked functions
2018-06-21 20:23:16 4904 [Note] InnoDB: _mm_lfence() and _mm_sfence() are used for memory barrier
2018-06-21 20:23:16 4904 [Note] InnoDB: Compressed tables use zlib 1.2.3
2018-06-21 20:23:16 4904 [Note] InnoDB: Using generic crc32 instructions
2018-06-21 20:23:16 4904 [Note] InnoDB: Initializing buffer pool, size = 128.0M
2018-06-21 20:23:16 4904 [Note] InnoDB: Completed initialization of buffer pool
2018-06-21 20:23:16 4904 [Note] InnoDB: Highest supported file format is Barracuda.
2018-06-21 20:23:16 4904 [Note] InnoDB: The log sequence number 12018710 in ibdata file do not match the log sequence number 12033444 in the ib_logfiles!
2018-06-21 20:23:17 4904 [Note] InnoDB: Restoring possible half-written data pages from the doublewrite buffer...
2018-06-21 20:23:18 4904 [Note] InnoDB: 128 rollback segment(s) are active.
2018-06-21 20:23:18 4904 [Note] InnoDB: Waiting for purge to start
2018-06-21 20:23:18 4904 [Note] InnoDB:  Percona XtraDB (http://www.percona.com) 5.6.36-83.0 started; log sequence number 12033444
2018-06-21 20:23:18 6332 [Note] InnoDB: Dumping buffer pool(s) not yet started
2018-06-21 20:23:18 4904 [Note] Plugin 'FEEDBACK' is disabled.
2018-06-21 20:23:18 4904 [Note] Server socket created on IP: '::'.
2018-06-21 20:23:18 4904 [Note] C:\Users\percival\Desktop\ICMCommercialSystem\mysql\bin\mysqld.exe: ready for connections.
Version: '10.1.31-MariaDB'  socket: ''  port: 3306  mariadb.org binary distribution
2018-06-21 20:35:34 5096 [Note] InnoDB: innodb_empty_free_list_algorithm has been changed to legacy because of small buffer pool size. In order to use backoff, increase buffer pool at least up to 20MB.

2018-06-21 20:35:34 5096 [Note] InnoDB: Using mutexes to ref count buffer pool pages
2018-06-21 20:35:34 5096 [Note] InnoDB: The InnoDB memory heap is disabled
2018-06-21 20:35:34 5096 [Note] InnoDB: Mutexes and rw_locks use Windows interlocked functions
2018-06-21 20:35:34 5096 [Note] InnoDB: _mm_lfence() and _mm_sfence() are used for memory barrier
2018-06-21 20:35:34 5096 [Note] InnoDB: Compressed tables use zlib 1.2.3
2018-06-21 20:35:34 5096 [Note] InnoDB: Using generic crc32 instructions
2018-06-21 20:35:34 5096 [Note] InnoDB: Initializing buffer pool, size = 128.0M
2018-06-21 20:35:34 5096 [Note] InnoDB: Completed initialization of buffer pool
2018-06-21 20:35:34 5096 [ERROR] InnoDB: .\ibdata1 can't be opened in read-write mode
2018-06-21 20:35:34 5096 [ERROR] InnoDB: The system tablespace must be writable!
2018-06-21 20:35:34 5096 [ERROR] Plugin 'InnoDB' init function returned error.
2018-06-21 20:35:34 5096 [ERROR] Plugin 'InnoDB' registration as a STORAGE ENGINE failed.
2018-06-21 20:35:34 5096 [Note] Plugin 'FEEDBACK' is disabled.
2018-06-21 20:35:34 5096 [ERROR] Unknown/unsupported storage engine: InnoDB
2018-06-21 20:35:34 5096 [ERROR] Aborting

2018-06-21 20:36:29 3244 [Note] InnoDB: innodb_empty_free_list_algorithm has been changed to legacy because of small buffer pool size. In order to use backoff, increase buffer pool at least up to 20MB.

2018-06-21 20:36:29 3244 [Note] InnoDB: Using mutexes to ref count buffer pool pages
2018-06-21 20:36:29 3244 [Note] InnoDB: The InnoDB memory heap is disabled
2018-06-21 20:36:29 3244 [Note] InnoDB: Mutexes and rw_locks use Windows interlocked functions
2018-06-21 20:36:29 3244 [Note] InnoDB: _mm_lfence() and _mm_sfence() are used for memory barrier
2018-06-21 20:36:29 3244 [Note] InnoDB: Compressed tables use zlib 1.2.3
2018-06-21 20:36:29 3244 [Note] InnoDB: Using generic crc32 instructions
2018-06-21 20:36:30 3244 [Note] InnoDB: Initializing buffer pool, size = 128.0M
2018-06-21 20:36:30 3244 [Note] InnoDB: Completed initialization of buffer pool
2018-06-21 20:36:30 3244 [Note] InnoDB: Highest supported file format is Barracuda.
2018-06-21 20:36:30 3244 [Note] InnoDB: The log sequence number 12018710 in ibdata file do not match the log sequence number 12033690 in the ib_logfiles!
2018-06-21 20:36:30 3244 [Note] InnoDB: Restoring possible half-written data pages from the doublewrite buffer...
2018-06-21 20:36:31 3244 [Note] InnoDB: 128 rollback segment(s) are active.
2018-06-21 20:36:31 3244 [Note] InnoDB: Waiting for purge to start
2018-06-21 20:36:31 3244 [Note] InnoDB:  Percona XtraDB (http://www.percona.com) 5.6.36-83.0 started; log sequence number 12033690
2018-06-21 20:36:32 7084 [Note] InnoDB: Dumping buffer pool(s) not yet started
2018-06-21 20:36:32 3244 [Note] Plugin 'FEEDBACK' is disabled.
2018-06-21 20:36:32 3244 [Note] Server socket created on IP: '::'.
2018-06-21 20:36:32 3244 [Note] C:\Users\percival\Desktop\ICMCommercialSystem\mysql\bin\mysqld.exe: ready for connections.
Version: '10.1.31-MariaDB'  socket: ''  port: 3306  mariadb.org binary distribution
2018-06-21 20:50:40 5308 [Note] InnoDB: innodb_empty_free_list_algorithm has been changed to legacy because of small buffer pool size. In order to use backoff, increase buffer pool at least up to 20MB.

2018-06-21 20:50:40 5308 [Note] InnoDB: Using mutexes to ref count buffer pool pages
2018-06-21 20:50:40 5308 [Note] InnoDB: The InnoDB memory heap is disabled
2018-06-21 20:50:40 5308 [Note] InnoDB: Mutexes and rw_locks use Windows interlocked functions
2018-06-21 20:50:40 5308 [Note] InnoDB: _mm_lfence() and _mm_sfence() are used for memory barrier
2018-06-21 20:50:40 5308 [Note] InnoDB: Compressed tables use zlib 1.2.3
2018-06-21 20:50:40 5308 [Note] InnoDB: Using generic crc32 instructions
2018-06-21 20:50:40 5308 [Note] InnoDB: Initializing buffer pool, size = 128.0M
2018-06-21 20:50:40 5308 [Note] InnoDB: Completed initialization of buffer pool
2018-06-21 20:50:40 5308 [Note] InnoDB: Highest supported file format is Barracuda.
2018-06-21 20:50:40 5308 [Note] InnoDB: The log sequence number 12018710 in ibdata file do not match the log sequence number 12033700 in the ib_logfiles!
2018-06-21 20:50:41 5308 [Note] InnoDB: Restoring possible half-written data pages from the doublewrite buffer...
2018-06-21 20:50:42 5308 [Note] InnoDB: 128 rollback segment(s) are active.
2018-06-21 20:50:42 5308 [Note] InnoDB: Waiting for purge to start
2018-06-21 20:50:42 5308 [Note] InnoDB:  Percona XtraDB (http://www.percona.com) 5.6.36-83.0 started; log sequence number 12033700
2018-06-21 20:50:42 5416 [Note] InnoDB: Dumping buffer pool(s) not yet started
2018-06-21 20:50:42 5308 [Note] Plugin 'FEEDBACK' is disabled.
2018-06-21 20:50:42 5308 [Note] Server socket created on IP: '::'.
2018-06-21 20:50:42 5308 [ERROR] Can't start server: Bind on TCP/IP port. Got error: 10048: Only one usage of each socket address (protocol/network address/port) is normally permitted.

2018-06-21 20:50:42 5308 [ERROR] Do you already have another mysqld server running on port: 3306 ?
2018-06-21 20:50:42 5308 [ERROR] Aborting

2018-06-21 20:51:40 3764 [Note] InnoDB: innodb_empty_free_list_algorithm has been changed to legacy because of small buffer pool size. In order to use backoff, increase buffer pool at least up to 20MB.

2018-06-21 20:51:40 3764 [Note] InnoDB: Using mutexes to ref count buffer pool pages
2018-06-21 20:51:40 3764 [Note] InnoDB: The InnoDB memory heap is disabled
2018-06-21 20:51:40 3764 [Note] InnoDB: Mutexes and rw_locks use Windows interlocked functions
2018-06-21 20:51:40 3764 [Note] InnoDB: _mm_lfence() and _mm_sfence() are used for memory barrier
2018-06-21 20:51:40 3764 [Note] InnoDB: Compressed tables use zlib 1.2.3
2018-06-21 20:51:40 3764 [Note] InnoDB: Using generic crc32 instructions
2018-06-21 20:51:40 3764 [Note] InnoDB: Initializing buffer pool, size = 128.0M
2018-06-21 20:51:40 3764 [Note] InnoDB: Completed initialization of buffer pool
2018-06-21 20:51:40 3764 [Note] InnoDB: Highest supported file format is Barracuda.
2018-06-21 20:51:40 3764 [Note] InnoDB: 128 rollback segment(s) are active.
2018-06-21 20:51:40 3764 [Note] InnoDB: Waiting for purge to start
2018-06-21 20:51:41 3764 [Note] InnoDB:  Percona XtraDB (http://www.percona.com) 5.6.36-83.0 started; log sequence number 12033710
2018-06-21 20:51:41 5408 [Note] InnoDB: Dumping buffer pool(s) not yet started
2018-06-21 20:51:41 3764 [Note] Plugin 'FEEDBACK' is disabled.
2018-06-21 20:51:41 3764 [Note] Server socket created on IP: '::'.
2018-06-21 20:51:41 3764 [Note] C:\Users\percival\Desktop\ICMCommercialSystem\mysql\bin\mysqld.exe: ready for connections.
Version: '10.1.31-MariaDB'  socket: ''  port: 3306  mariadb.org binary distribution
2018-06-21 20:52:57 5108 [Note] InnoDB: innodb_empty_free_list_algorithm has been changed to legacy because of small buffer pool size. In order to use backoff, increase buffer pool at least up to 20MB.

2018-06-21 20:52:57 5108 [Note] InnoDB: Using mutexes to ref count buffer pool pages
2018-06-21 20:52:57 5108 [Note] InnoDB: The InnoDB memory heap is disabled
2018-06-21 20:52:57 5108 [Note] InnoDB: Mutexes and rw_locks use Windows interlocked functions
2018-06-21 20:52:57 5108 [Note] InnoDB: _mm_lfence() and _mm_sfence() are used for memory barrier
2018-06-21 20:52:57 5108 [Note] InnoDB: Compressed tables use zlib 1.2.3
2018-06-21 20:52:57 5108 [Note] InnoDB: Using generic crc32 instructions
2018-06-21 20:52:57 5108 [Note] InnoDB: Initializing buffer pool, size = 128.0M
2018-06-21 20:52:57 5108 [Note] InnoDB: Completed initialization of buffer pool
2018-06-21 20:52:57 5108 [Note] InnoDB: Highest supported file format is Barracuda.
2018-06-21 20:52:57 5108 [Note] InnoDB: The log sequence number 12033710 in ibdata file do not match the log sequence number 12033720 in the ib_logfiles!
2018-06-21 20:52:58 5108 [Note] InnoDB: Restoring possible half-written data pages from the doublewrite buffer...
2018-06-21 20:52:59 5108 [Note] InnoDB: 128 rollback segment(s) are active.
2018-06-21 20:52:59 5108 [Note] InnoDB: Waiting for purge to start
2018-06-21 20:52:59 5108 [Note] InnoDB:  Percona XtraDB (http://www.percona.com) 5.6.36-83.0 started; log sequence number 12033720
2018-06-21 20:52:59 1204 [Note] InnoDB: Dumping buffer pool(s) not yet started
2018-06-21 20:52:59 5108 [Note] Plugin 'FEEDBACK' is disabled.
2018-06-21 20:52:59 5108 [Note] Server socket created on IP: '::'.
2018-06-21 20:52:59 5108 [ERROR] Can't start server: Bind on TCP/IP port. Got error: 10048: Only one usage of each socket address (protocol/network address/port) is normally permitted.

2018-06-21 20:52:59 5108 [ERROR] Do you already have another mysqld server running on port: 3306 ?
2018-06-21 20:52:59 5108 [ERROR] Aborting

2018-06-21 22:11:25 6352 [Note] InnoDB: innodb_empty_free_list_algorithm has been changed to legacy because of small buffer pool size. In order to use backoff, increase buffer pool at least up to 20MB.

2018-06-21 22:11:25 6352 [Note] InnoDB: Using mutexes to ref count buffer pool pages
2018-06-21 22:11:25 6352 [Note] InnoDB: The InnoDB memory heap is disabled
2018-06-21 22:11:25 6352 [Note] InnoDB: Mutexes and rw_locks use Windows interlocked functions
2018-06-21 22:11:25 6352 [Note] InnoDB: _mm_lfence() and _mm_sfence() are used for memory barrier
2018-06-21 22:11:26 6352 [Note] InnoDB: Compressed tables use zlib 1.2.3
2018-06-21 22:11:26 6352 [Note] InnoDB: Using generic crc32 instructions
2018-06-21 22:11:26 6352 [Note] InnoDB: Initializing buffer pool, size = 128.0M
2018-06-21 22:11:26 6352 [Note] InnoDB: Completed initialization of buffer pool
2018-06-21 22:11:26 6352 [Note] InnoDB: Highest supported file format is Barracuda.
2018-06-21 22:11:26 6352 [Note] InnoDB: 128 rollback segment(s) are active.
2018-06-21 22:11:26 6352 [Note] InnoDB: Waiting for purge to start
2018-06-21 22:11:26 6352 [Note] InnoDB:  Percona XtraDB (http://www.percona.com) 5.6.36-83.0 started; log sequence number 12033730
2018-06-21 22:11:27 4896 [Note] InnoDB: Dumping buffer pool(s) not yet started
2018-06-21 22:11:27 6352 [Note] Plugin 'FEEDBACK' is disabled.
2018-06-21 22:11:27 6352 [Note] Server socket created on IP: '::'.
2018-06-21 22:11:27 6352 [ERROR] Can't start server: Bind on TCP/IP port. Got error: 10048: Only one usage of each socket address (protocol/network address/port) is normally permitted.

2018-06-21 22:11:27 6352 [ERROR] Do you already have another mysqld server running on port: 3306 ?
2018-06-21 22:11:27 6352 [ERROR] Aborting

